# JRE version: Java(TM) SE Runtime Environment 18.9 (11.0.8+10) (build 11.0.8+10-LTS)
# Java VM: Java HotSpot(TM) 64-Bit Server VM 18.9 (11.0.8+10-LTS, mixed mode, tiered, compressed oops, parallel gc, windows-amd64)
Heap:
 PSYoungGen      total 23040K, used 25K [0x00000000eab00000, 0x00000000eca80000, 0x0000000100000000)
  eden space 22528K, 0% used [0x00000000eab00000,0x00000000eab06498,0x00000000ec100000)
  from space 512K, 0% used [0x00000000ec400000,0x00000000ec400000,0x00000000ec480000)
  to   space 2560K, 0% used [0x00000000ec800000,0x00000000ec800000,0x00000000eca80000)
 ParOldGen       total 68608K, used 24662K [0x00000000c0000000, 0x00000000c4300000, 0x00000000eab00000)
  object space 68608K, 35% used [0x00000000c0000000,0x00000000c1815800,0x00000000c4300000)
 Metaspace       used 33475K, capacity 35271K, committed 35328K, reserved 1081344K
  class space    used 3157K, capacity 3824K, committed 3840K, reserved 1048576K
GC Heap History (10 events):
Event: 5.132 GC heap before
{Heap before GC invocations=9 (full 1):
 PSYoungGen      total 30720K, used 30719K [0x00000000eab00000, 0x00000000ed480000, 0x0000000100000000)
  eden space 24064K, 100% used [0x00000000eab00000,0x00000000ec280000,0x00000000ec280000)
  from space 6656K, 99% used [0x00000000ec380000,0x00000000ec9ffe00,0x00000000eca00000)
  to   space 9216K, 0% used [0x00000000ecb80000,0x00000000ecb80000,0x00000000ed480000)
 ParOldGen       total 68608K, used 11171K [0x00000000c0000000, 0x00000000c4300000, 0x00000000eab00000)
  object space 68608K, 16% used [0x00000000c0000000,0x00000000c0ae8e10,0x00000000c4300000)
 Metaspace       used 30804K, capacity 32419K, committed 32512K, reserved 1079296K
  class space    used 2939K, capacity 3535K, committed 3584K, reserved 1048576K
}
Event: 5.139 GC heap after
{Heap after GC invocations=9 (full 1):
 PSYoungGen      total 31744K, used 7731K [0x00000000eab00000, 0x00000000ed380000, 0x0000000100000000)
  eden space 23552K, 0% used [0x00000000eab00000,0x00000000eab00000,0x00000000ec200000)
  from space 8192K, 94% used [0x00000000ecb80000,0x00000000ed30ceb8,0x00000000ed380000)
  to   space 8192K, 0% used [0x00000000ec380000,0x00000000ec380000,0x00000000ecb80000)
 ParOldGen       total 68608K, used 12359K [0x00000000c0000000, 0x00000000c4300000, 0x00000000eab00000)
  object space 68608K, 18% used [0x00000000c0000000,0x00000000c0c11c08,0x00000000c4300000)
 Metaspace       used 30804K, capacity 32419K, committed 32512K, reserved 1079296K
  class space    used 2939K, capacity 3535K, committed 3584K, reserved 1048576K
}
Event: 5.304 GC heap before
{Heap before GC invocations=10 (full 1):
 PSYoungGen      total 31744K, used 31283K [0x00000000eab00000, 0x00000000ed380000, 0x0000000100000000)
  eden space 23552K, 100% used [0x00000000eab00000,0x00000000ec200000,0x00000000ec200000)
  from space 8192K, 94% used [0x00000000ecb80000,0x00000000ed30ceb8,0x00000000ed380000)
  to   space 8192K, 0% used [0x00000000ec380000,0x00000000ec380000,0x00000000ecb80000)
 ParOldGen       total 68608K, used 12359K [0x00000000c0000000, 0x00000000c4300000, 0x00000000eab00000)
  object space 68608K, 18% used [0x00000000c0000000,0x00000000c0c11c08,0x00000000c4300000)
 Metaspace       used 30804K, capacity 32419K, committed 32512K, reserved 1079296K
  class space    used 2939K, capacity 3535K, committed 3584K, reserved 1048576K
}
Event: 5.318 GC heap after
{Heap after GC invocations=10 (full 1):
 PSYoungGen      total 29696K, used 6464K [0x00000000eab00000, 0x00000000ecf80000, 0x0000000100000000)
  eden space 23040K, 0% used [0x00000000eab00000,0x00000000eab00000,0x00000000ec180000)
  from space 6656K, 97% used [0x00000000ec380000,0x00000000ec9d0020,0x00000000eca00000)
  to   space 5632K, 0% used [0x00000000eca00000,0x00000000eca00000,0x00000000ecf80000)
 ParOldGen       total 68608K, used 15662K [0x00000000c0000000, 0x00000000c4300000, 0x00000000eab00000)
  object space 68608K, 22% used [0x00000000c0000000,0x00000000c0f4bac0,0x00000000c4300000)
 Metaspace       used 30804K, capacity 32419K, committed 32512K, reserved 1079296K
  class space    used 2939K, capacity 3535K, committed 3584K, reserved 1048576K
}
Event: 8.868 GC heap before
{Heap before GC invocations=11 (full 1):
 PSYoungGen      total 29696K, used 29504K [0x00000000eab00000, 0x00000000ecf80000, 0x0000000100000000)
  eden space 23040K, 100% used [0x00000000eab00000,0x00000000ec180000,0x00000000ec180000)
  from space 6656K, 97% used [0x00000000ec380000,0x00000000ec9d0020,0x00000000eca00000)
  to   space 5632K, 0% used [0x00000000eca00000,0x00000000eca00000,0x00000000ecf80000)
 ParOldGen       total 68608K, used 15662K [0x00000000c0000000, 0x00000000c4300000, 0x00000000eab00000)
  object space 68608K, 22% used [0x00000000c0000000,0x00000000c0f4bac0,0x00000000c4300000)
 Metaspace       used 32130K, capacity 33959K, committed 34304K, reserved 1079296K
  class space    used 3057K, capacity 3728K, committed 3840K, reserved 1048576K
}
Event: 8.883 GC heap after
{Heap after GC invocations=11 (full 1):
 PSYoungGen      total 27648K, used 4688K [0x00000000eab00000, 0x00000000ecf00000, 0x0000000100000000)
  eden space 22528K, 0% used [0x00000000eab00000,0x00000000eab00000,0x00000000ec100000)
  from space 5120K, 91% used [0x00000000eca00000,0x00000000ece94010,0x00000000ecf00000)
  to   space 5632K, 0% used [0x00000000ec400000,0x00000000ec400000,0x00000000ec980000)
 ParOldGen       total 68608K, used 20054K [0x00000000c0000000, 0x00000000c4300000, 0x00000000eab00000)
  object space 68608K, 29% used [0x00000000c0000000,0x00000000c1395ae0,0x00000000c4300000)
 Metaspace       used 32130K, capacity 33959K, committed 34304K, reserved 1079296K
  class space    used 3057K, capacity 3728K, committed 3840K, reserved 1048576K
}
Event: 9.111 GC heap before
{Heap before GC invocations=12 (full 1):
 PSYoungGen      total 27648K, used 8563K [0x00000000eab00000, 0x00000000ecf00000, 0x0000000100000000)
  eden space 22528K, 17% used [0x00000000eab00000,0x00000000eaec8c28,0x00000000ec100000)
  from space 5120K, 91% used [0x00000000eca00000,0x00000000ece94010,0x00000000ecf00000)
  to   space 5632K, 0% used [0x00000000ec400000,0x00000000ec400000,0x00000000ec980000)
 ParOldGen       total 68608K, used 20054K [0x00000000c0000000, 0x00000000c4300000, 0x00000000eab00000)
  object space 68608K, 29% used [0x00000000c0000000,0x00000000c1395ae0,0x00000000c4300000)
 Metaspace       used 33474K, capacity 35271K, committed 35328K, reserved 1081344K
  class space    used 3157K, capacity 3824K, committed 3840K, reserved 1048576K
}
Event: 9.138 GC heap after
{Heap after GC invocations=12 (full 1):
 PSYoungGen      total 23040K, used 436K [0x00000000eab00000, 0x00000000eca80000, 0x0000000100000000)
  eden space 22528K, 0% used [0x00000000eab00000,0x00000000eab00000,0x00000000ec100000)
  from space 512K, 85% used [0x00000000ec400000,0x00000000ec46d2a0,0x00000000ec480000)
  to   space 2560K, 0% used [0x00000000ec800000,0x00000000ec800000,0x00000000eca80000)
 ParOldGen       total 68608K, used 24653K [0x00000000c0000000, 0x00000000c4300000, 0x00000000eab00000)
  object space 68608K, 35% used [0x00000000c0000000,0x00000000c18136c8,0x00000000c4300000)
 Metaspace       used 33474K, capacity 35271K, committed 35328K, reserved 1081344K
  class space    used 3157K, capacity 3824K, committed 3840K, reserved 1048576K
}
Event: 9.138 GC heap before
{Heap before GC invocations=13 (full 2):
 PSYoungGen      total 23040K, used 436K [0x00000000eab00000, 0x00000000eca80000, 0x0000000100000000)
  eden space 22528K, 0% used [0x00000000eab00000,0x00000000eab00000,0x00000000ec100000)
  from space 512K, 85% used [0x00000000ec400000,0x00000000ec46d2a0,0x00000000ec480000)
  to   space 2560K, 0% used [0x00000000ec800000,0x00000000ec800000,0x00000000eca80000)
 ParOldGen       total 68608K, used 24653K [0x00000000c0000000, 0x00000000c4300000, 0x00000000eab00000)
  object space 68608K, 35% used [0x00000000c0000000,0x00000000c18136c8,0x00000000c4300000)
 Metaspace       used 33474K, capacity 35271K, committed 35328K, reserved 1081344K
  class space    used 3157K, capacity 3824K, committed 3840K, reserved 1048576K
}
Event: 9.460 GC heap after
{Heap after GC invocations=13 (full 2):
 PSYoungGen      total 23040K, used 0K [0x00000000eab00000, 0x00000000eca80000, 0x0000000100000000)
  eden space 22528K, 0% used [0x00000000eab00000,0x00000000eab00000,0x00000000ec100000)
  from space 512K, 0% used [0x00000000ec400000,0x00000000ec400000,0x00000000ec480000)
  to   space 2560K, 0% used [0x00000000ec800000,0x00000000ec800000,0x00000000eca80000)
 ParOldGen       total 68608K, used 24662K [0x00000000c0000000, 0x00000000c4300000, 0x00000000eab00000)
  object space 68608K, 35% used [0x00000000c0000000,0x00000000c1815800,0x00000000c4300000)
 Metaspace       used 33474K, capacity 35271K, committed 35328K, reserved 1081344K
  class space    used 3157K, capacity 3824K, committed 3840K, reserved 1048576K
}

